Release 14.1 - xst P.15xf (lin64)
Copyright (c) 1995-2012 Xilinx, Inc.  All rights reserved.
--> 
Parameter TMPDIR set to xst/projnav.tmp


Total REAL time to Xst completion: 0.00 secs
Total CPU time to Xst completion: 0.04 secs
 
--> 
Parameter xsthdpdir set to xst


Total REAL time to Xst completion: 0.00 secs
Total CPU time to Xst completion: 0.04 secs
 
--> 
Reading design: wishbone_watchdog.prj

TABLE OF CONTENTS
  1) Synthesis Options Summary
  2) HDL Parsing
  3) HDL Elaboration
  4) HDL Synthesis
       4.1) HDL Synthesis Report
  5) Advanced HDL Synthesis
       5.1) Advanced HDL Synthesis Report
  6) Low Level Synthesis
  7) Partition Report
  8) Design Summary
       8.1) Primitive and Black Box Usage
       8.2) Device utilization summary
       8.3) Partition Resource Summary
       8.4) Timing Report
            8.4.1) Clock Information
            8.4.2) Asynchronous Control Signals Information
            8.4.3) Timing Summary
            8.4.4) Timing Details
            8.4.5) Cross Clock Domains Report


=========================================================================
*                      Synthesis Options Summary                        *
=========================================================================
---- Source Parameters
Input File Name                    : "wishbone_watchdog.prj"
Ignore Synthesis Constraint File   : NO

---- Target Parameters
Output File Name                   : "wishbone_watchdog"
Output Format                      : NGC
Target Device                      : xc6slx9-3-tqg144

---- Source Options
Top Module Name                    : wishbone_watchdog
Automatic FSM Extraction           : YES
FSM Encoding Algorithm             : Auto
Safe Implementation                : No
FSM Style                          : LUT
RAM Extraction                     : Yes
RAM Style                          : Auto
ROM Extraction                     : Yes
Shift Register Extraction          : YES
ROM Style                          : Auto
Resource Sharing                   : YES
Asynchronous To Synchronous        : NO
Shift Register Minimum Size        : 2
Use DSP Block                      : Auto
Automatic Register Balancing       : No

---- Target Options
LUT Combining                      : Auto
Reduce Control Sets                : Auto
Add IO Buffers                     : YES
Global Maximum Fanout              : 100000
Add Generic Clock Buffer(BUFG)     : 16
Register Duplication               : YES
Optimize Instantiated Primitives   : NO
Use Clock Enable                   : Auto
Use Synchronous Set                : Auto
Use Synchronous Reset              : Auto
Pack IO Registers into IOBs        : Auto
Equivalent register Removal        : YES

---- General Options
Optimization Goal                  : Speed
Optimization Effort                : 1
Power Reduction                    : NO
Keep Hierarchy                     : No
Netlist Hierarchy                  : As_Optimized
RTL Output                         : Yes
Global Optimization                : AllClockNets
Read Cores                         : YES
Write Timing Constraints           : NO
Cross Clock Analysis               : NO
Hierarchy Separator                : /
Bus Delimiter                      : <>
Case Specifier                     : Maintain
Slice Utilization Ratio            : 100
BRAM Utilization Ratio             : 100
DSP48 Utilization Ratio            : 100
Auto BRAM Packing                  : NO
Slice Utilization Ratio Delta      : 5

=========================================================================


=========================================================================
*                          HDL Parsing                                  *
=========================================================================
Parsing VHDL file "/home/jpiat/development/FPGA/logi-family/logi-hard/wishbone/peripherals/logi_wishbone_peripherals_pack.vhd" into library work
Parsing package <logi_wishbone_peripherals_pack>.
Parsing package body <logi_wishbone_peripherals_pack>.
Parsing VHDL file "/home/jpiat/development/FPGA/logi-family/logi-hard/utils/logi_utils_pack.vhd" into library work
Parsing package <logi_utils_pack>.
Parsing package body <logi_utils_pack>.
Parsing VHDL file "/home/jpiat/development/FPGA/logi-family/logi-hard/wishbone/peripherals/wishbone_watchdog.vhd" into library work
Parsing entity <wishbone_watchdog>.
Parsing architecture <RTL> of entity <wishbone_watchdog>.

=========================================================================
*                            HDL Elaboration                            *
=========================================================================

Elaborating entity <wishbone_watchdog> (architecture <RTL>) with generics from library <work>.

=========================================================================
*                           HDL Synthesis                               *
=========================================================================

Synthesizing Unit <wishbone_watchdog>.
    Related source file is "/home/jpiat/development/FPGA/logi-family/logi-hard/wishbone/peripherals/wishbone_watchdog.vhd".
        wb_size = 16
        watchdog_timeout_ms = 160
        clock_period_ns = 10
WARNING:Xst:647 - Input <wbs_address> is never used. This port will be preserved and left unconnected if it belongs to a top-level block or it belongs to a sub-block and the hierarchy of this sub-block is preserved.
WARNING:Xst:647 - Input <wbs_writedata<15:1>> is never used. This port will be preserved and left unconnected if it belongs to a top-level block or it belongs to a sub-block and the hierarchy of this sub-block is preserved.
    Found 1-bit register for signal <enable_watchdog>.
    Found 1-bit register for signal <write_ack>.
    Found 1-bit register for signal <reset_watchdog_old>.
    Found 8-bit register for signal <count_timeout>.
    Found 17-bit register for signal <count_divider>.
    Found 16-bit register for signal <wbs_readdata>.
    Found 1-bit register for signal <read_ack>.
    Found 17-bit subtractor for signal <GND_9_o_GND_9_o_sub_4_OUT<16:0>> created at line 123.
    Found 8-bit subtractor for signal <GND_9_o_GND_9_o_sub_9_OUT<7:0>> created at line 141.
    Summary:
	inferred   2 Adder/Subtractor(s).
	inferred  45 D-type flip-flop(s).
	inferred   2 Multiplexer(s).
Unit <wishbone_watchdog> synthesized.

=========================================================================
HDL Synthesis Report

Macro Statistics
# Adders/Subtractors                                   : 2
 17-bit subtractor                                     : 1
 8-bit subtractor                                      : 1
# Registers                                            : 7
 1-bit register                                        : 4
 16-bit register                                       : 1
 17-bit register                                       : 1
 8-bit register                                        : 1
# Multiplexers                                         : 2
 17-bit 2-to-1 multiplexer                             : 1
 8-bit 2-to-1 multiplexer                              : 1

=========================================================================

=========================================================================
*                       Advanced HDL Synthesis                          *
=========================================================================

WARNING:Xst:1710 - FF/Latch <wbs_readdata_1> (without init value) has a constant value of 0 in block <wishbone_watchdog>. This FF/Latch will be trimmed during the optimization process.
WARNING:Xst:1895 - Due to other FF/Latch trimming, FF/Latch <wbs_readdata_2> (without init value) has a constant value of 0 in block <wishbone_watchdog>. This FF/Latch will be trimmed during the optimization process.
WARNING:Xst:1895 - Due to other FF/Latch trimming, FF/Latch <wbs_readdata_3> (without init value) has a constant value of 0 in block <wishbone_watchdog>. This FF/Latch will be trimmed during the optimization process.
WARNING:Xst:1895 - Due to other FF/Latch trimming, FF/Latch <wbs_readdata_4> (without init value) has a constant value of 0 in block <wishbone_watchdog>. This FF/Latch will be trimmed during the optimization process.
WARNING:Xst:1895 - Due to other FF/Latch trimming, FF/Latch <wbs_readdata_5> (without init value) has a constant value of 0 in block <wishbone_watchdog>. This FF/Latch will be trimmed during the optimization process.
WARNING:Xst:1895 - Due to other FF/Latch trimming, FF/Latch <wbs_readdata_6> (without init value) has a constant value of 0 in block <wishbone_watchdog>. This FF/Latch will be trimmed during the optimization process.
WARNING:Xst:1895 - Due to other FF/Latch trimming, FF/Latch <wbs_readdata_7> (without init value) has a constant value of 0 in block <wishbone_watchdog>. This FF/Latch will be trimmed during the optimization process.
WARNING:Xst:1895 - Due to other FF/Latch trimming, FF/Latch <wbs_readdata_8> (without init value) has a constant value of 0 in block <wishbone_watchdog>. This FF/Latch will be trimmed during the optimization process.
WARNING:Xst:1895 - Due to other FF/Latch trimming, FF/Latch <wbs_readdata_9> (without init value) has a constant value of 0 in block <wishbone_watchdog>. This FF/Latch will be trimmed during the optimization process.
WARNING:Xst:1895 - Due to other FF/Latch trimming, FF/Latch <wbs_readdata_10> (without init value) has a constant value of 0 in block <wishbone_watchdog>. This FF/Latch will be trimmed during the optimization process.
WARNING:Xst:1895 - Due to other FF/Latch trimming, FF/Latch <wbs_readdata_11> (without init value) has a constant value of 0 in block <wishbone_watchdog>. This FF/Latch will be trimmed during the optimization process.
WARNING:Xst:1895 - Due to other FF/Latch trimming, FF/Latch <wbs_readdata_12> (without init value) has a constant value of 0 in block <wishbone_watchdog>. This FF/Latch will be trimmed during the optimization process.
WARNING:Xst:1895 - Due to other FF/Latch trimming, FF/Latch <wbs_readdata_13> (without init value) has a constant value of 0 in block <wishbone_watchdog>. This FF/Latch will be trimmed during the optimization process.
WARNING:Xst:1895 - Due to other FF/Latch trimming, FF/Latch <wbs_readdata_14> (without init value) has a constant value of 0 in block <wishbone_watchdog>. This FF/Latch will be trimmed during the optimization process.
WARNING:Xst:1895 - Due to other FF/Latch trimming, FF/Latch <wbs_readdata_15> (without init value) has a constant value of 0 in block <wishbone_watchdog>. This FF/Latch will be trimmed during the optimization process.
WARNING:Xst:2404 -  FFs/Latches <wbs_readdata<15:1>> (without init value) have a constant value of 0 in block <wishbone_watchdog>.

Synthesizing (advanced) Unit <wishbone_watchdog>.
The following registers are absorbed into counter <count_timeout>: 1 register on signal <count_timeout>.
The following registers are absorbed into counter <count_divider>: 1 register on signal <count_divider>.
Unit <wishbone_watchdog> synthesized (advanced).

=========================================================================
Advanced HDL Synthesis Report

Macro Statistics
# Counters                                             : 2
 17-bit down counter                                   : 1
 8-bit down counter                                    : 1
# Registers                                            : 5
 Flip-Flops                                            : 5

=========================================================================

=========================================================================
*                         Low Level Synthesis                           *
=========================================================================

Optimizing unit <wishbone_watchdog> ...

Mapping all equations...
Building and optimizing final netlist ...
Found area constraint ratio of 100 (+ 5) on block wishbone_watchdog, actual ratio is 1.

Final Macro Processing ...

=========================================================================
Final Register Report

Macro Statistics
# Registers                                            : 30
 Flip-Flops                                            : 30

=========================================================================

=========================================================================
*                           Partition Report                            *
=========================================================================

Partition Implementation Status
-------------------------------

  No Partitions were found in this design.

-------------------------------

=========================================================================
*                            Design Summary                             *
=========================================================================

Top Level Output File Name         : wishbone_watchdog.ngc

Primitive and Black Box Usage:
------------------------------
# BELS                             : 106
#      GND                         : 1
#      INV                         : 17
#      LUT1                        : 1
#      LUT2                        : 2
#      LUT3                        : 11
#      LUT4                        : 18
#      LUT5                        : 3
#      LUT6                        : 4
#      MUXCY                       : 23
#      VCC                         : 1
#      XORCY                       : 25
# FlipFlops/Latches                : 30
#      FDC                         : 14
#      FDCE                        : 6
#      FDE                         : 2
#      FDP                         : 6
#      FDPE                        : 2
# Clock Buffers                    : 1
#      BUFGP                       : 1
# IO Buffers                       : 23
#      IBUF                        : 5
#      OBUF                        : 18

Device utilization summary:
---------------------------

Selected Device : 6slx9tqg144-3 


Slice Logic Utilization: 
 Number of Slice Registers:              30  out of  11440     0%  
 Number of Slice LUTs:                   56  out of   5720     0%  
    Number used as Logic:                56  out of   5720     0%  

Slice Logic Distribution: 
 Number of LUT Flip Flop pairs used:     58
   Number with an unused Flip Flop:      28  out of     58    48%  
   Number with an unused LUT:             2  out of     58     3%  
   Number of fully used LUT-FF pairs:    28  out of     58    48%  
   Number of unique control sets:         4

IO Utilization: 
 Number of IOs:                          55
 Number of bonded IOBs:                  24  out of    102    23%  

Specific Feature Utilization:
 Number of BUFG/BUFGCTRLs:                1  out of     16     6%  

---------------------------
Partition Resource Summary:
---------------------------

  No Partitions were found in this design.

---------------------------


=========================================================================
Timing Report

NOTE: THESE TIMING NUMBERS ARE ONLY A SYNTHESIS ESTIMATE.
      FOR ACCURATE TIMING INFORMATION PLEASE REFER TO THE TRACE REPORT
      GENERATED AFTER PLACE-and-ROUTE.

Clock Information:
------------------
-----------------------------------+------------------------+-------+
Clock Signal                       | Clock buffer(FF name)  | Load  |
-----------------------------------+------------------------+-------+
gls_clk                            | BUFGP                  | 30    |
-----------------------------------+------------------------+-------+

Asynchronous Control Signals Information:
----------------------------------------
No asynchronous control signals found in this design

Timing Summary:
---------------
Speed Grade: -3

   Minimum period: 4.218ns (Maximum Frequency: 237.096MHz)
   Minimum input arrival time before clock: 3.743ns
   Maximum output required time after clock: 5.483ns
   Maximum combinational path delay: No path found

Timing Details:
---------------
All values displayed in nanoseconds (ns)

=========================================================================
Timing constraint: Default period analysis for Clock 'gls_clk'
  Clock period: 4.218ns (frequency: 237.096MHz)
  Total number of paths / destination ports: 785 / 36
-------------------------------------------------------------------------
Delay:               4.218ns (Levels of Logic = 2)
  Source:            count_divider_13 (FF)
  Destination:       count_timeout_0 (FF)
  Source Clock:      gls_clk rising
  Destination Clock: gls_clk rising

  Data Path: count_divider_13 to count_timeout_0
                                Gate     Net
    Cell:in->out      fanout   Delay   Delay  Logical Name (Net Name)
    ----------------------------------------  ------------
     FDC:C->Q              2   0.447   0.961  count_divider_13 (count_divider_13)
     LUT5:I0->O           18   0.203   1.278  enable_count<16>3 (enable_count<16>2)
     LUT6:I3->O            8   0.205   0.802  _n0069_inv (_n0069_inv)
     FDCE:CE                   0.322          count_timeout_0
    ----------------------------------------
    Total                      4.218ns (1.177ns logic, 3.041ns route)
                                       (27.9% logic, 72.1% route)

=========================================================================
Timing constraint: Default OFFSET IN BEFORE for Clock 'gls_clk'
  Total number of paths / destination ports: 40 / 33
-------------------------------------------------------------------------
Offset:              3.743ns (Levels of Logic = 2)
  Source:            gls_reset (PAD)
  Destination:       reset_watchdog_old (FF)
  Destination Clock: gls_clk rising

  Data Path: gls_reset to reset_watchdog_old
                                Gate     Net
    Cell:in->out      fanout   Delay   Delay  Logical Name (Net Name)
    ----------------------------------------  ------------
     IBUF:I->O             3   1.222   0.650  gls_reset_IBUF (gls_reset_IBUF)
     INV:I->O             28   0.206   1.234  gls_reset_inv1_INV_0 (gls_reset_inv)
     FDC:CLR                   0.430          reset_watchdog_old
    ----------------------------------------
    Total                      3.743ns (1.858ns logic, 1.885ns route)
                                       (49.6% logic, 50.4% route)

=========================================================================
Timing constraint: Default OFFSET OUT AFTER for Clock 'gls_clk'
  Total number of paths / destination ports: 12 / 3
-------------------------------------------------------------------------
Offset:              5.483ns (Levels of Logic = 3)
  Source:            count_timeout_5 (FF)
  Destination:       reset_out (PAD)
  Source Clock:      gls_clk rising

  Data Path: count_timeout_5 to reset_out
                                Gate     Net
    Cell:in->out      fanout   Delay   Delay  Logical Name (Net Name)
    ----------------------------------------  ------------
     FDPE:C->Q             3   0.447   0.898  count_timeout_5 (count_timeout_5)
     LUT4:I0->O            1   0.203   0.580  reset_out_SW0 (N3)
     LUT6:I5->O            1   0.205   0.579  reset_out (reset_out_OBUF)
     OBUF:I->O                 2.571          reset_out_OBUF (reset_out)
    ----------------------------------------
    Total                      5.483ns (3.426ns logic, 2.057ns route)
                                       (62.5% logic, 37.5% route)

=========================================================================

Cross Clock Domains Report:
--------------------------

Clock to Setup on destination clock gls_clk
---------------+---------+---------+---------+---------+
               | Src:Rise| Src:Fall| Src:Rise| Src:Fall|
Source Clock   |Dest:Rise|Dest:Rise|Dest:Fall|Dest:Fall|
---------------+---------+---------+---------+---------+
gls_clk        |    4.218|         |         |         |
---------------+---------+---------+---------+---------+

=========================================================================


Total REAL time to Xst completion: 6.00 secs
Total CPU time to Xst completion: 5.28 secs
 
--> 


Total memory usage is 389672 kilobytes

Number of errors   :    0 (   0 filtered)
Number of warnings :   18 (   0 filtered)
Number of infos    :    0 (   0 filtered)

