Release 14.7 Map P.20131013 (nt64)
Xilinx Mapping Report File for Design 'logipi_camera'

Design Information
------------------
Command Line   : map -intstyle ise -p xc6slx9-tqg144-2 -w -logic_opt off -ol
high -t 1 -xt 0 -register_duplication off -r 4 -global_opt off -mt off -ir off
-pr off -lc off -power off -o logipi_camera_map.ncd logipi_camera.ngd
logipi_camera.pcf 
Target Device  : xc6slx9
Target Package : tqg144
Target Speed   : -2
Mapper Version : spartan6 -- $Revision: 1.55 $
Mapped Date    : Sun Mar 30 09:56:26 2014

Design Summary
--------------
Number of errors:      0
Number of warnings:    6
Slice Logic Utilization:
  Number of Slice Registers:                 1,981 out of  11,440   17%
    Number used as Flip Flops:               1,975
    Number used as Latches:                      0
    Number used as Latch-thrus:                  0
    Number used as AND/OR logics:                6
  Number of Slice LUTs:                      1,823 out of   5,720   31%
    Number used as logic:                    1,592 out of   5,720   27%
      Number using O6 output only:           1,074
      Number using O5 output only:              57
      Number using O5 and O6:                  461
      Number used as ROM:                        0
    Number used as Memory:                     102 out of   1,440    7%
      Number used as Dual Port RAM:              0
      Number used as Single Port RAM:            0
      Number used as Shift Register:           102
        Number using O6 output only:            13
        Number using O5 output only:             0
        Number using O5 and O6:                 89
    Number used exclusively as route-thrus:    129
      Number with same-slice register load:    107
      Number with same-slice carry load:        22
      Number with other load:                    0

Slice Logic Distribution:
  Number of occupied Slices:                   660 out of   1,430   46%
  Number of MUXCYs used:                       980 out of   2,860   34%
  Number of LUT Flip Flop pairs used:        2,076
    Number with an unused Flip Flop:           497 out of   2,076   23%
    Number with an unused LUT:                 253 out of   2,076   12%
    Number of fully used LUT-FF pairs:       1,326 out of   2,076   63%
    Number of unique control sets:              41
    Number of slice register sites lost
      to control set restrictions:             138 out of  11,440    1%

  A LUT Flip Flop pair for this architecture represents one LUT paired with
  one Flip Flop within a slice.  A control set is a unique combination of
  clock, reset, set, and enable signals for a registered element.
  The Slice Logic Distribution report is not meaningful if the design is
  over-mapped for a non-slice resource or if Placement fails.

IO Utilization:
  Number of bonded IOBs:                        28 out of     102   27%
    Number of LOCed IOBs:                       27 out of      28   96%

Specific Feature Utilization:
  Number of RAMB16BWERs:                        12 out of      32   37%
  Number of RAMB8BWERs:                          6 out of      64    9%
  Number of BUFIO2/BUFIO2_2CLKs:                 1 out of      32    3%
    Number used as BUFIO2s:                      1
    Number used as BUFIO2_2CLKs:                 0
  Number of BUFIO2FB/BUFIO2FB_2CLKs:             1 out of      32    3%
    Number used as BUFIO2FBs:                    1
    Number used as BUFIO2FB_2CLKs:               0
  Number of BUFG/BUFGMUXs:                       5 out of      16   31%
    Number used as BUFGs:                        5
    Number used as BUFGMUX:                      0
  Number of DCM/DCM_CLKGENs:                     0 out of       4    0%
  Number of ILOGIC2/ISERDES2s:                   0 out of     200    0%
  Number of IODELAY2/IODRP2/IODRP2_MCBs:         0 out of     200    0%
  Number of OLOGIC2/OSERDES2s:                   0 out of     200    0%
  Number of BSCANs:                              0 out of       4    0%
  Number of BUFHs:                               0 out of     128    0%
  Number of BUFPLLs:                             0 out of       8    0%
  Number of BUFPLL_MCBs:                         0 out of       4    0%
  Number of DSP48A1s:                            6 out of      16   37%
  Number of ICAPs:                               0 out of       1    0%
  Number of MCBs:                                0 out of       2    0%
  Number of PCILOGICSEs:                         0 out of       2    0%
  Number of PLL_ADVs:                            1 out of       2   50%
  Number of PMVs:                                0 out of       1    0%
  Number of STARTUPs:                            0 out of       1    0%
  Number of SUSPEND_SYNCs:                       0 out of       1    0%

Average Fanout of Non-Clock Nets:                2.77

Peak Memory Usage:  439 MB
Total REAL time to MAP completion:  34 secs 
Total CPU time to MAP completion:   33 secs 

Table of Contents
-----------------
Section 1 - Errors
Section 2 - Warnings
Section 3 - Informational
Section 4 - Removed Logic Summary
Section 5 - Removed Logic
Section 6 - IOB Properties
Section 7 - RPMs
Section 8 - Guide Report
Section 9 - Area Group and Partition Summary
Section 10 - Timing Report
Section 11 - Configuration String Information
Section 12 - Control Set Information
Section 13 - Utilization by Hierarchy

Section 1 - Errors
------------------

Section 2 - Warnings
--------------------
WARNING:Pack:1653 - At least one timing constraint is impossible to meet because component delays alone exceed the constraint. A timing
   constraint summary below shows the failing constraints (preceded with an Asterisk (*)). Please use the Timing Analyzer (GUI) or TRCE
   (command line) with the Mapped NCD and PCF files to identify which constraints and paths are failing because of the component delays
   alone. If the failing path(s) is mapped to Xilinx components as expected, consider relaxing the constraint. If it is not mapped to
   components as expected, re-evaluate your HDL and how synthesis is optimizing the path. To allow the tools to bypass this error, set the
   environment variable XIL_TIMING_ALLOW_IMPOSSIBLE to 1.


   For more information about the Timing Analyzer, consult the Xilinx Timing Analyzer Reference manual; for more information on TRCE,
   consult the Xilinx Command Line Tools User Guide "TRACE" chapter.
WARNING:Place:1206 - This design contains a global buffer instance,
   <sys_clocks_gen/clkout2_buf>, driving the net, <PMOD4_4_OBUF>, that is
   driving the following (first 30) non-clock load pins off chip.
   < PIN: PMOD4_4.O; >
   This design practice, in Spartan-6, can lead to an unroutable situation due
   to limitations in the global routing. If the design does route there may be
   excessive delay or skew on this net. It is recommended to use a Clock
   Forwarding technique to create a reliable and repeatable low skew solution:
   instantiate an ODDR2 component; tie the .D0 pin to Logic1; tie the .D1 pin to
   Logic0; tie the clock net to be forwarded to .C0; tie the inverted clock to
   .C1. This is normally an ERROR but the CLOCK_DEDICATED_ROUTE constraint was
   applied on COMP.PIN <sys_clocks_gen/clkout2_buf.O> allowing your design to
   continue. This constraint disables all clock placer rules related to the
   specified COMP.PIN.
WARNING:Place:1137 - This design is not guaranteed to be routable! This design
   contains a global buffer instance, <sys_clocks_gen/clkout2_buf>, driving the
   net, <PMOD4_4_OBUF>, that is driving the following (first 30) non-clock load
   pins.
   < PIN: PMOD4_4.O; >
   This is not a recommended design practice in Spartan-6 due to limitations in
   the global routing that may cause excessive delay, skew or unroutable
   situations.  It is recommended to only use a BUFG resource to drive clock
   loads. Please pay extra attention to the timing and routing of this path to
   ensure the design goals are met. This is normally an ERROR but the
   CLOCK_DEDICATED_ROUTE constraint was applied on COMP.PIN
   <sys_clocks_gen/clkout2_buf.O> allowing your design to continue. This
   constraint disables all clock placer rules related to the specified COMP.PIN.
WARNING:Place:1109 - A clock IOB / BUFGMUX clock component pair have been found
   that are not placed at an optimal clock IOB / BUFGMUX site pair. The clock
   IOB component <SYS_SPI_SCK> is placed at site <P70>. The corresponding BUFG
   component <SYS_SPI_SCK_BUFGP/BUFG> is placed at site <BUFGMUX_X3Y13>. There
   is only a select set of IOBs that can use the fast path to the Clocker
   buffer, and they are not being used. You may want to analyze why this problem
   exists and correct it. This is normally an ERROR but the
   CLOCK_DEDICATED_ROUTE constraint was applied on COMP.PIN <SYS_SPI_SCK.PAD>
   allowing your design to continue. This constraint disables all clock placer
   rules related to the specified COMP.PIN. The use of this override is highly
   discouraged as it may lead to very poor timing results. It is recommended
   that this error condition be corrected in the design.
WARNING:PhysDesignRules:372 - Gated clock. Clock net deb_pb is sourced by a
   combinatorial pin. This is not good design practice. Use the CE pin to
   control the loading of data into the flip-flop.
WARNING:PhysDesignRules:2410 - This design is using one or more 9K Block RAMs
   (RAMB8BWER).  9K Block RAM initialization data, both user defined and
   default, may be incorrect and should not be used.  For more information,
   please reference Xilinx Answer Record 39999.

Section 3 - Informational
-------------------------
INFO:LIT:243 - Logical network PMOD4_7_IBUF has no load.
INFO:LIT:395 - The above info message is repeated 2 more times for the following
   (max. 5 shown):
   SYS_SCL_IBUF,
   SYS_SDA_IBUF
   To see the details of these info messages, please use the -detail switch.
INFO:MapLib:562 - No environment variables are currently set.
INFO:LIT:244 - All of the single ended outputs in this design are using slew
   rate limited output drivers. The delay on speed critical single ended outputs
   can be dramatically reduced by designating them as fast outputs.
INFO:Pack:1716 - Initializing temperature to 85.000 Celsius. (default - Range:
   0.000 to 85.000 Celsius)
INFO:Pack:1720 - Initializing voltage to 1.140 Volts. (default - Range: 1.140 to
   1.260 Volts)
INFO:Map:215 - The Interim Design Summary has been generated in the MAP Report
   (.mrp).
INFO:Place:834 - Only a subset of IOs are locked. Out of 28 IOs, 27 are locked
   and 1 are not locked. If you would like to print the names of these IOs,
   please set the environment variable XIL_PAR_DESIGN_CHECK_VERBOSE to 1. 
INFO:Pack:1650 - Map created a placed design.

Section 4 - Removed Logic Summary
---------------------------------
 228 block(s) removed
  35 block(s) optimized away
 193 signal(s) removed

Section 5 - Removed Logic
-------------------------

The trimmed logic report below shows the logic removed from your design due to
sourceless or loadless signals, and VCC or ground connections.  If the removal
of a signal or symbol results in the subsequent removal of an additional signal
or symbol, the message explaining that second removal will be indented.  This
indentation will be repeated as a chain of related logic is removed.

To quickly locate the original cause for the removal of a chain of logic, look
above the place where that logic is listed in the trimming report, then locate
the lines that are least indented (begin at the leftmost edge).

Loadless block "ADDERTREE_INTERNAL_Madd1114" (ROM) removed.
 The signal "ADDERTREE_INTERNAL_Madd_159" is loadless and has been removed.
  Loadless block "ADDERTREE_INTERNAL_Madd9_xor<15>" (XOR) removed.
   The signal "ADDERTREE_INTERNAL_Madd9_cy<14>" is loadless and has been removed.
    Loadless block "ADDERTREE_INTERNAL_Madd9_cy<14>" (MUX) removed.
     The signal "ADDERTREE_INTERNAL_Madd9_cy<13>" is loadless and has been removed.
      Loadless block "ADDERTREE_INTERNAL_Madd9_cy<13>" (MUX) removed.
       The signal "ADDERTREE_INTERNAL_Madd9_cy<12>" is loadless and has been removed.
        Loadless block "ADDERTREE_INTERNAL_Madd9_cy<12>" (MUX) removed.
         The signal "ADDERTREE_INTERNAL_Madd9_cy<11>" is loadless and has been removed.
          Loadless block "ADDERTREE_INTERNAL_Madd9_cy<11>" (MUX) removed.
         The signal "harris_detector/gauss3x3_0/sum_step_0<12>" is loadless and has been
removed.
          Loadless block "harris_detector/gauss3x3_0/sum_step_0_12" (FF) removed.
           The signal "harris_detector/gauss3x3_0/add_vec<0><12>" is loadless and has been
removed.
            Loadless block "harris_detector/gauss3x3_0/Madd_add_vec<0>_xor<0>_11" (XOR)
removed.
             The signal "harris_detector/gauss3x3_0/Madd_add_vec<0>_cy<0>11" is loadless and
has been removed.
              Loadless block "harris_detector/gauss3x3_0/Madd_add_vec<0>_cy<0>_10" (MUX)
removed.
             The signal "harris_detector/gauss3x3_0/Madd_add_vec<0>_lut<0>12" is loadless and
has been removed.
              Loadless block "harris_detector/gauss3x3_0/Madd_add_vec<0>_lut<0>12" (ROM)
removed.
               The signal "harris_detector/gauss3x3_0/Madd_add_vec<0>11" is loadless and has
been removed.
                Loadless block "harris_detector/gauss3x3_0/Madd_add_vec<0>11" (ROM) removed.
         The signal "ADDERTREE_INTERNAL_Madd9_cy<12>_rt" is loadless and has been
removed.
          Loadless block "ADDERTREE_INTERNAL_Madd9_cy<12>_rt" (ROM) removed.
       The signal "harris_detector/gauss3x3_0/sum_step_0<13>" is loadless and has been
removed.
        Loadless block "harris_detector/gauss3x3_0/sum_step_0_13" (FF) removed.
         The signal "harris_detector/gauss3x3_0/add_vec<0><13>" is loadless and has been
removed.
          Loadless block "harris_detector/gauss3x3_0/Madd_add_vec<0>_xor<0>_12" (XOR)
removed.
           The signal "harris_detector/gauss3x3_0/Madd_add_vec<0>_cy<0>12" is loadless and
has been removed.
            Loadless block "harris_detector/gauss3x3_0/Madd_add_vec<0>_cy<0>_11" (MUX)
removed.
           The signal "harris_detector/gauss3x3_0/Madd_add_vec<0>_lut<0>13" is loadless and
has been removed.
            Loadless block "harris_detector/gauss3x3_0/Madd_add_vec<0>_lut<0>13" (ROM)
removed.
             The signal "harris_detector/gauss3x3_0/Madd_add_vec<0>12" is loadless and has
been removed.
              Loadless block "harris_detector/gauss3x3_0/Madd_add_vec<0>12" (ROM) removed.
       The signal "ADDERTREE_INTERNAL_Madd9_cy<13>_rt" is loadless and has been
removed.
        Loadless block "ADDERTREE_INTERNAL_Madd9_cy<13>_rt" (ROM) removed.
     The signal "harris_detector/gauss3x3_0/sum_step_0<14>" is loadless and has been
removed.
      Loadless block "harris_detector/gauss3x3_0/sum_step_0_14" (FF) removed.
       The signal "harris_detector/gauss3x3_0/add_vec<0><14>" is loadless and has been
removed.
        Loadless block "harris_detector/gauss3x3_0/Madd_add_vec<0>_xor<0>_13" (XOR)
removed.
         The signal "harris_detector/gauss3x3_0/Madd_add_vec<0>_cy<0>13" is loadless and
has been removed.
          Loadless block "harris_detector/gauss3x3_0/Madd_add_vec<0>_cy<0>_12" (MUX)
removed.
         The signal "harris_detector/gauss3x3_0/Madd_add_vec<0>_lut<0>14" is loadless and
has been removed.
          Loadless block "harris_detector/gauss3x3_0/Madd_add_vec<0>_lut<0>14" (ROM)
removed.
           The signal "harris_detector/gauss3x3_0/Madd_add_vec<0>13" is loadless and has
been removed.
            Loadless block "harris_detector/gauss3x3_0/Madd_add_vec<0>13" (ROM) removed.
     The signal "ADDERTREE_INTERNAL_Madd9_cy<14>_rt" is loadless and has been
removed.
      Loadless block "ADDERTREE_INTERNAL_Madd9_cy<14>_rt" (ROM) removed.
   The signal "harris_detector/gauss3x3_0/sum_step_0<15>" is loadless and has been
removed.
    Loadless block "harris_detector/gauss3x3_0/sum_step_0_15" (FF) removed.
     The signal "harris_detector/gauss3x3_0/add_vec<0><15>" is loadless and has been
removed.
      Loadless block "harris_detector/gauss3x3_0/Madd_add_vec<0>_xor<0>_14" (XOR)
removed.
       The signal "harris_detector/gauss3x3_0/Madd_add_vec<0>_cy<0>14" is loadless and
has been removed.
        Loadless block "harris_detector/gauss3x3_0/Madd_add_vec<0>_cy<0>_13" (MUX)
removed.
       The signal "harris_detector/gauss3x3_0/Madd_add_vec<0>_lut<0>15" is loadless and
has been removed.
        Loadless block "harris_detector/gauss3x3_0/Madd_add_vec<0>_lut<0>15" (ROM)
removed.
         The signal "harris_detector/gauss3x3_0/Madd_add_vec<0>14" is loadless and has
been removed.
          Loadless block "harris_detector/gauss3x3_0/Madd_add_vec<0>14" (ROM) removed.
Loadless block "ADDERTREE_INTERNAL_Madd215" (ROM) removed.
 The signal "ADDERTREE_INTERNAL_Madd_15" is loadless and has been removed.
  Loadless block "ADDERTREE_INTERNAL_Madd_xor<15>" (XOR) removed.
   The signal "ADDERTREE_INTERNAL_Madd_cy<14>" is loadless and has been removed.
    Loadless block "ADDERTREE_INTERNAL_Madd_cy<14>" (MUX) removed.
     The signal "ADDERTREE_INTERNAL_Madd_cy<13>" is loadless and has been removed.
      Loadless block "ADDERTREE_INTERNAL_Madd_cy<13>" (MUX) removed.
       The signal "ADDERTREE_INTERNAL_Madd_cy<12>" is loadless and has been removed.
        Loadless block "ADDERTREE_INTERNAL_Madd_cy<12>" (MUX) removed.
         The signal "ADDERTREE_INTERNAL_Madd_cy<11>" is loadless and has been removed.
          Loadless block "ADDERTREE_INTERNAL_Madd_cy<11>" (MUX) removed.
         The signal "gauss3x3_0/sum_step_1<12>" is loadless and has been removed.
          Loadless block "gauss3x3_0/sum_step_1_12" (FF) removed.
           The signal "ADDERTREE_INTERNAL_Madd_128" is loadless and has been removed.
            Loadless block "ADDERTREE_INTERNAL_Madd8_xor<0>_11" (XOR) removed.
             The signal "ADDERTREE_INTERNAL_Madd8_cy<0>11" is loadless and has been removed.
              Loadless block "ADDERTREE_INTERNAL_Madd8_cy<0>_10" (MUX) removed.
             The signal "ADDERTREE_INTERNAL_Madd8_lut<0>12" is loadless and has been removed.
              Loadless block "ADDERTREE_INTERNAL_Madd8_lut<0>12" (ROM) removed.
               The signal "ADDERTREE_INTERNAL_Madd_126" is loadless and has been removed.
                Loadless block "ADDERTREE_INTERNAL_Madd6_xor<12>" (XOR) removed.
                 The signal "ADDERTREE_INTERNAL_Madd6_cy<11>" is loadless and has been removed.
                  Loadless block "ADDERTREE_INTERNAL_Madd6_cy<11>" (MUX) removed.
                 The signal "ADDERTREE_INTERNAL_Madd6_cy<12>_rt" is loadless and has been
removed.
                  Loadless block "ADDERTREE_INTERNAL_Madd6_cy<12>_rt" (ROM) removed.
               The signal "ADDERTREE_INTERNAL_Madd810" is loadless and has been removed.
                Loadless block "ADDERTREE_INTERNAL_Madd810" (ROM) removed.
         The signal "ADDERTREE_INTERNAL_Madd_cy<12>_rt" is loadless and has been removed.
          Loadless block "ADDERTREE_INTERNAL_Madd_cy<12>_rt" (ROM) removed.
       The signal "gauss3x3_0/sum_step_1<13>" is loadless and has been removed.
        Loadless block "gauss3x3_0/sum_step_1_13" (FF) removed.
         The signal "ADDERTREE_INTERNAL_Madd_138" is loadless and has been removed.
          Loadless block "ADDERTREE_INTERNAL_Madd8_xor<0>_12" (XOR) removed.
           The signal "ADDERTREE_INTERNAL_Madd8_cy<0>12" is loadless and has been removed.
            Loadless block "ADDERTREE_INTERNAL_Madd8_cy<0>_11" (MUX) removed.
           The signal "ADDERTREE_INTERNAL_Madd8_lut<0>13" is loadless and has been removed.
            Loadless block "ADDERTREE_INTERNAL_Madd8_lut<0>13" (ROM) removed.
             The signal "ADDERTREE_INTERNAL_Madd_136" is loadless and has been removed.
              Loadless block "ADDERTREE_INTERNAL_Madd6_xor<13>" (XOR) removed.
               The signal "ADDERTREE_INTERNAL_Madd6_cy<12>" is loadless and has been removed.
                Loadless block "ADDERTREE_INTERNAL_Madd6_cy<12>" (MUX) removed.
               The signal "ADDERTREE_INTERNAL_Madd6_cy<13>_rt" is loadless and has been
removed.
                Loadless block "ADDERTREE_INTERNAL_Madd6_cy<13>_rt" (ROM) removed.
                 The signal "gauss3x3_0/sum_step_0<13>" is loadless and has been removed.
                  Loadless block "gauss3x3_0/sum_step_0_13" (FF) removed.
                   The signal "gauss3x3_0/add_vec<0><13>" is loadless and has been removed.
                    Loadless block "gauss3x3_0/Madd_add_vec<0>_xor<0>_12" (XOR) removed.
                     The signal "gauss3x3_0/Madd_add_vec<0>_cy<0>12" is loadless and has been
removed.
                      Loadless block "gauss3x3_0/Madd_add_vec<0>_cy<0>_11" (MUX) removed.
                       The signal "gauss3x3_0/Madd_add_vec<0>_cy<0>11" is loadless and has been
removed.
                        Loadless block "gauss3x3_0/Madd_add_vec<0>_cy<0>_10" (MUX) removed.
                       The signal "gauss3x3_0/Madd_add_vec<0>11" is loadless and has been removed.
                        Loadless block "gauss3x3_0/Madd_add_vec<0>11" (ROM) removed.
                       The signal "gauss3x3_0/Madd_add_vec<0>_lut<0>12" is loadless and has been
removed.
                        Loadless block "gauss3x3_0/Madd_add_vec<0>_lut<0>12" (ROM) removed.
                     The signal "gauss3x3_0/Madd_add_vec<0>_lut<0>13" is loadless and has been
removed.
                      Loadless block "gauss3x3_0/Madd_add_vec<0>_lut<0>13" (ROM) removed.
                       The signal "gauss3x3_0/Madd_add_vec<0>12" is loadless and has been removed.
                        Loadless block "gauss3x3_0/Madd_add_vec<0>12" (ROM) removed.
             The signal "ADDERTREE_INTERNAL_Madd811" is loadless and has been removed.
              Loadless block "ADDERTREE_INTERNAL_Madd811" (ROM) removed.
       The signal "ADDERTREE_INTERNAL_Madd_cy<13>_rt" is loadless and has been removed.
        Loadless block "ADDERTREE_INTERNAL_Madd_cy<13>_rt" (ROM) removed.
     The signal "gauss3x3_0/sum_step_1<14>" is loadless and has been removed.
      Loadless block "gauss3x3_0/sum_step_1_14" (FF) removed.
       The signal "ADDERTREE_INTERNAL_Madd_148" is loadless and has been removed.
        Loadless block "ADDERTREE_INTERNAL_Madd8_xor<0>_13" (XOR) removed.
         The signal "ADDERTREE_INTERNAL_Madd8_cy<0>13" is loadless and has been removed.
          Loadless block "ADDERTREE_INTERNAL_Madd8_cy<0>_12" (MUX) removed.
         The signal "ADDERTREE_INTERNAL_Madd8_lut<0>14" is loadless and has been removed.
          Loadless block "ADDERTREE_INTERNAL_Madd8_lut<0>14" (ROM) removed.
           The signal "ADDERTREE_INTERNAL_Madd_146" is loadless and has been removed.
            Loadless block "ADDERTREE_INTERNAL_Madd6_xor<14>" (XOR) removed.
             The signal "ADDERTREE_INTERNAL_Madd6_cy<13>" is loadless and has been removed.
              Loadless block "ADDERTREE_INTERNAL_Madd6_cy<13>" (MUX) removed.
             The signal "ADDERTREE_INTERNAL_Madd6_cy<14>_rt" is loadless and has been
removed.
              Loadless block "ADDERTREE_INTERNAL_Madd6_cy<14>_rt" (ROM) removed.
               The signal "gauss3x3_0/sum_step_0<14>" is loadless and has been removed.
                Loadless block "gauss3x3_0/sum_step_0_14" (FF) removed.
                 The signal "gauss3x3_0/add_vec<0><14>" is loadless and has been removed.
                  Loadless block "gauss3x3_0/Madd_add_vec<0>_xor<0>_13" (XOR) removed.
                   The signal "gauss3x3_0/Madd_add_vec<0>_cy<0>13" is loadless and has been
removed.
                    Loadless block "gauss3x3_0/Madd_add_vec<0>_cy<0>_12" (MUX) removed.
                   The signal "gauss3x3_0/Madd_add_vec<0>_lut<0>14" is loadless and has been
removed.
                    Loadless block "gauss3x3_0/Madd_add_vec<0>_lut<0>14" (ROM) removed.
                     The signal "gauss3x3_0/Madd_add_vec<0>13" is loadless and has been removed.
                      Loadless block "gauss3x3_0/Madd_add_vec<0>13" (ROM) removed.
           The signal "ADDERTREE_INTERNAL_Madd812" is loadless and has been removed.
            Loadless block "ADDERTREE_INTERNAL_Madd812" (ROM) removed.
     The signal "ADDERTREE_INTERNAL_Madd_cy<14>_rt" is loadless and has been removed.
      Loadless block "ADDERTREE_INTERNAL_Madd_cy<14>_rt" (ROM) removed.
   The signal "gauss3x3_0/sum_step_1<15>" is loadless and has been removed.
    Loadless block "gauss3x3_0/sum_step_1_15" (FF) removed.
     The signal "ADDERTREE_INTERNAL_Madd_158" is loadless and has been removed.
      Loadless block "ADDERTREE_INTERNAL_Madd8_xor<0>_14" (XOR) removed.
       The signal "ADDERTREE_INTERNAL_Madd8_cy<0>14" is loadless and has been removed.
        Loadless block "ADDERTREE_INTERNAL_Madd8_cy<0>_13" (MUX) removed.
       The signal "ADDERTREE_INTERNAL_Madd8_lut<0>15" is loadless and has been removed.
        Loadless block "ADDERTREE_INTERNAL_Madd8_lut<0>15" (ROM) removed.
         The signal "ADDERTREE_INTERNAL_Madd_156" is loadless and has been removed.
          Loadless block "ADDERTREE_INTERNAL_Madd6_xor<15>" (XOR) removed.
           The signal "ADDERTREE_INTERNAL_Madd6_cy<14>" is loadless and has been removed.
            Loadless block "ADDERTREE_INTERNAL_Madd6_cy<14>" (MUX) removed.
           The signal "gauss3x3_0/sum_step_0<15>" is loadless and has been removed.
            Loadless block "gauss3x3_0/sum_step_0_15" (FF) removed.
             The signal "gauss3x3_0/add_vec<0><15>" is loadless and has been removed.
              Loadless block "gauss3x3_0/Madd_add_vec<0>_xor<0>_14" (XOR) removed.
               The signal "gauss3x3_0/Madd_add_vec<0>_cy<0>14" is loadless and has been
removed.
                Loadless block "gauss3x3_0/Madd_add_vec<0>_cy<0>_13" (MUX) removed.
               The signal "gauss3x3_0/Madd_add_vec<0>_lut<0>15" is loadless and has been
removed.
                Loadless block "gauss3x3_0/Madd_add_vec<0>_lut<0>15" (ROM) removed.
                 The signal "gauss3x3_0/Madd_add_vec<0>14" is loadless and has been removed.
                  Loadless block "gauss3x3_0/Madd_add_vec<0>14" (ROM) removed.
         The signal "ADDERTREE_INTERNAL_Madd813" is loadless and has been removed.
          Loadless block "ADDERTREE_INTERNAL_Madd813" (ROM) removed.
Loadless block "ADDERTREE_INTERNAL_Madd2_lut<0>12" (ROM) removed.
 The signal "ADDERTREE_INTERNAL_Madd_12" is loadless and has been removed.
  Loadless block "ADDERTREE_INTERNAL_Madd_xor<12>" (XOR) removed.
 The signal "ADDERTREE_INTERNAL_Madd211" is loadless and has been removed.
  Loadless block "ADDERTREE_INTERNAL_Madd211" (ROM) removed.
Loadless block "ADDERTREE_INTERNAL_Madd2_lut<0>13" (ROM) removed.
 The signal "ADDERTREE_INTERNAL_Madd_13" is loadless and has been removed.
  Loadless block "ADDERTREE_INTERNAL_Madd_xor<13>" (XOR) removed.
 The signal "ADDERTREE_INTERNAL_Madd212" is loadless and has been removed.
  Loadless block "ADDERTREE_INTERNAL_Madd212" (ROM) removed.
Loadless block "ADDERTREE_INTERNAL_Madd2_lut<0>14" (ROM) removed.
 The signal "ADDERTREE_INTERNAL_Madd_14" is loadless and has been removed.
  Loadless block "ADDERTREE_INTERNAL_Madd_xor<14>" (XOR) removed.
 The signal "ADDERTREE_INTERNAL_Madd213" is loadless and has been removed.
  Loadless block "ADDERTREE_INTERNAL_Madd213" (ROM) removed.
Loadless block "ADDERTREE_INTERNAL_Madd2_lut<0>15" (ROM) removed.
 The signal "ADDERTREE_INTERNAL_Madd214" is loadless and has been removed.
  Loadless block "ADDERTREE_INTERNAL_Madd214" (ROM) removed.
Loadless block "ADDERTREE_INTERNAL_Madd515" (ROM) removed.
 The signal "ADDERTREE_INTERNAL_Madd_153" is loadless and has been removed.
  Loadless block "ADDERTREE_INTERNAL_Madd3_xor<15>" (XOR) removed.
   The signal "ADDERTREE_INTERNAL_Madd3_cy<14>" is loadless and has been removed.
    Loadless block "ADDERTREE_INTERNAL_Madd3_cy<14>" (MUX) removed.
     The signal "ADDERTREE_INTERNAL_Madd3_cy<13>" is loadless and has been removed.
      Loadless block "ADDERTREE_INTERNAL_Madd3_cy<13>" (MUX) removed.
       The signal "ADDERTREE_INTERNAL_Madd3_cy<12>" is loadless and has been removed.
        Loadless block "ADDERTREE_INTERNAL_Madd3_cy<12>" (MUX) removed.
         The signal "ADDERTREE_INTERNAL_Madd3_cy<11>" is loadless and has been removed.
          Loadless block "ADDERTREE_INTERNAL_Madd3_cy<11>" (MUX) removed.
         The signal "harris_detector/gauss3x3_0/sum_step_1<12>" is loadless and has been
removed.
          Loadless block "harris_detector/gauss3x3_0/sum_step_1_12" (FF) removed.
           The signal "ADDERTREE_INTERNAL_Madd_1212" is loadless and has been removed.
            Loadless block "ADDERTREE_INTERNAL_Madd11_xor<0>_11" (XOR) removed.
             The signal "ADDERTREE_INTERNAL_Madd11_cy<0>11" is loadless and has been removed.
              Loadless block "ADDERTREE_INTERNAL_Madd11_cy<0>_10" (MUX) removed.
             The signal "ADDERTREE_INTERNAL_Madd11_lut<0>12" is loadless and has been
removed.
              Loadless block "ADDERTREE_INTERNAL_Madd11_lut<0>12" (ROM) removed.
               The signal "ADDERTREE_INTERNAL_Madd_1210" is loadless and has been removed.
                Loadless block "ADDERTREE_INTERNAL_Madd9_xor<12>" (XOR) removed.
               The signal "ADDERTREE_INTERNAL_Madd1110" is loadless and has been removed.
                Loadless block "ADDERTREE_INTERNAL_Madd1110" (ROM) removed.
         The signal "ADDERTREE_INTERNAL_Madd3_cy<12>_rt" is loadless and has been
removed.
          Loadless block "ADDERTREE_INTERNAL_Madd3_cy<12>_rt" (ROM) removed.
       The signal "harris_detector/gauss3x3_0/sum_step_1<13>" is loadless and has been
removed.
        Loadless block "harris_detector/gauss3x3_0/sum_step_1_13" (FF) removed.
         The signal "ADDERTREE_INTERNAL_Madd_1311" is loadless and has been removed.
          Loadless block "ADDERTREE_INTERNAL_Madd11_xor<0>_12" (XOR) removed.
           The signal "ADDERTREE_INTERNAL_Madd11_cy<0>12" is loadless and has been removed.
            Loadless block "ADDERTREE_INTERNAL_Madd11_cy<0>_11" (MUX) removed.
           The signal "ADDERTREE_INTERNAL_Madd11_lut<0>13" is loadless and has been
removed.
            Loadless block "ADDERTREE_INTERNAL_Madd11_lut<0>13" (ROM) removed.
             The signal "ADDERTREE_INTERNAL_Madd_139" is loadless and has been removed.
              Loadless block "ADDERTREE_INTERNAL_Madd9_xor<13>" (XOR) removed.
             The signal "ADDERTREE_INTERNAL_Madd1111" is loadless and has been removed.
              Loadless block "ADDERTREE_INTERNAL_Madd1111" (ROM) removed.
       The signal "ADDERTREE_INTERNAL_Madd3_cy<13>_rt" is loadless and has been
removed.
        Loadless block "ADDERTREE_INTERNAL_Madd3_cy<13>_rt" (ROM) removed.
     The signal "harris_detector/gauss3x3_0/sum_step_1<14>" is loadless and has been
removed.
      Loadless block "harris_detector/gauss3x3_0/sum_step_1_14" (FF) removed.
       The signal "ADDERTREE_INTERNAL_Madd_1411" is loadless and has been removed.
        Loadless block "ADDERTREE_INTERNAL_Madd11_xor<0>_13" (XOR) removed.
         The signal "ADDERTREE_INTERNAL_Madd11_cy<0>13" is loadless and has been removed.
          Loadless block "ADDERTREE_INTERNAL_Madd11_cy<0>_12" (MUX) removed.
         The signal "ADDERTREE_INTERNAL_Madd11_lut<0>14" is loadless and has been
removed.
          Loadless block "ADDERTREE_INTERNAL_Madd11_lut<0>14" (ROM) removed.
           The signal "ADDERTREE_INTERNAL_Madd_149" is loadless and has been removed.
            Loadless block "ADDERTREE_INTERNAL_Madd9_xor<14>" (XOR) removed.
           The signal "ADDERTREE_INTERNAL_Madd1112" is loadless and has been removed.
            Loadless block "ADDERTREE_INTERNAL_Madd1112" (ROM) removed.
     The signal "ADDERTREE_INTERNAL_Madd3_cy<14>_rt" is loadless and has been
removed.
      Loadless block "ADDERTREE_INTERNAL_Madd3_cy<14>_rt" (ROM) removed.
   The signal "harris_detector/gauss3x3_0/sum_step_1<15>" is loadless and has been
removed.
    Loadless block "harris_detector/gauss3x3_0/sum_step_1_15" (FF) removed.
     The signal "ADDERTREE_INTERNAL_Madd_1511" is loadless and has been removed.
      Loadless block "ADDERTREE_INTERNAL_Madd11_xor<0>_14" (XOR) removed.
       The signal "ADDERTREE_INTERNAL_Madd11_cy<0>14" is loadless and has been removed.
        Loadless block "ADDERTREE_INTERNAL_Madd11_cy<0>_13" (MUX) removed.
       The signal "ADDERTREE_INTERNAL_Madd11_lut<0>15" is loadless and has been
removed.
        Loadless block "ADDERTREE_INTERNAL_Madd11_lut<0>15" (ROM) removed.
         The signal "ADDERTREE_INTERNAL_Madd1113" is loadless and has been removed.
          Loadless block "ADDERTREE_INTERNAL_Madd1113" (ROM) removed.
Loadless block "ADDERTREE_INTERNAL_Madd5_lut<0>12" (ROM) removed.
 The signal "ADDERTREE_INTERNAL_Madd_123" is loadless and has been removed.
  Loadless block "ADDERTREE_INTERNAL_Madd3_xor<12>" (XOR) removed.
 The signal "ADDERTREE_INTERNAL_Madd511" is loadless and has been removed.
  Loadless block "ADDERTREE_INTERNAL_Madd511" (ROM) removed.
Loadless block "ADDERTREE_INTERNAL_Madd5_lut<0>13" (ROM) removed.
 The signal "ADDERTREE_INTERNAL_Madd_133" is loadless and has been removed.
  Loadless block "ADDERTREE_INTERNAL_Madd3_xor<13>" (XOR) removed.
 The signal "ADDERTREE_INTERNAL_Madd512" is loadless and has been removed.
  Loadless block "ADDERTREE_INTERNAL_Madd512" (ROM) removed.
Loadless block "ADDERTREE_INTERNAL_Madd5_lut<0>14" (ROM) removed.
 The signal "ADDERTREE_INTERNAL_Madd_143" is loadless and has been removed.
  Loadless block "ADDERTREE_INTERNAL_Madd3_xor<14>" (XOR) removed.
 The signal "ADDERTREE_INTERNAL_Madd513" is loadless and has been removed.
  Loadless block "ADDERTREE_INTERNAL_Madd513" (ROM) removed.
Loadless block "ADDERTREE_INTERNAL_Madd5_lut<0>15" (ROM) removed.
 The signal "ADDERTREE_INTERNAL_Madd514" is loadless and has been removed.
  Loadless block "ADDERTREE_INTERNAL_Madd514" (ROM) removed.
Loadless block "ADDERTREE_INTERNAL_Madd814" (ROM) removed.
Loadless block "gauss3x3_0/Madd_add_vec<0>15" (ROM) removed.
Loadless block "harris_detector/gauss3x3_0/Madd_add_vec<0>15" (ROM) removed.
Loadless block
"harris_detector/sobel0/Madd_sum_x_step[0][15]_x_add_vec[1][15]_add_20_OUT14"
(ROM) removed.
Loadless block
"harris_detector/sobel0/Madd_sum_x_step[1][15]_x_add_vec[2][15]_add_21_OUT15"
(ROM) removed.
 The signal "harris_detector/sobel0/sum_x_step_1<15>" is loadless and has been
removed.
  Loadless block "harris_detector/sobel0/sum_x_step_1_15" (FF) removed.
   The signal
"harris_detector/sobel0/sum_x_step[0][15]_x_add_vec[1][15]_add_20_OUT<15>" is
loadless and has been removed.
    Loadless block
"harris_detector/sobel0/Madd_sum_x_step[0][15]_x_add_vec[1][15]_add_20_OUT_xor<0
>_14" (XOR) removed.
     The signal
"harris_detector/sobel0/Madd_sum_x_step[0][15]_x_add_vec[1][15]_add_20_OUT_cy<0>
14" is loadless and has been removed.
      Loadless block
"harris_detector/sobel0/Madd_sum_x_step[0][15]_x_add_vec[1][15]_add_20_OUT_cy<0>
_13" (MUX) removed.
       The signal
"harris_detector/sobel0/Madd_sum_x_step[0][15]_x_add_vec[1][15]_add_20_OUT_cy<0>
13" is loadless and has been removed.
        Loadless block
"harris_detector/sobel0/Madd_sum_x_step[0][15]_x_add_vec[1][15]_add_20_OUT_cy<0>
_12" (MUX) removed.
         The signal
"harris_detector/sobel0/Madd_sum_x_step[0][15]_x_add_vec[1][15]_add_20_OUT_cy<0>
12" is loadless and has been removed.
          Loadless block
"harris_detector/sobel0/Madd_sum_x_step[0][15]_x_add_vec[1][15]_add_20_OUT_cy<0>
_11" (MUX) removed.
           The signal
"harris_detector/sobel0/Madd_sum_x_step[0][15]_x_add_vec[1][15]_add_20_OUT_cy<0>
11" is loadless and has been removed.
            Loadless block
"harris_detector/sobel0/Madd_sum_x_step[0][15]_x_add_vec[1][15]_add_20_OUT_cy<0>
_10" (MUX) removed.
             The signal
"harris_detector/sobel0/Madd_sum_x_step[0][15]_x_add_vec[1][15]_add_20_OUT_cy<0>
10" is loadless and has been removed.
              Loadless block
"harris_detector/sobel0/Madd_sum_x_step[0][15]_x_add_vec[1][15]_add_20_OUT_cy<0>
_9" (MUX) removed.
             The signal
"harris_detector/sobel0/Madd_sum_x_step[0][15]_x_add_vec[1][15]_add_20_OUT9" is
loadless and has been removed.
              Loadless block
"harris_detector/sobel0/Madd_sum_x_step[0][15]_x_add_vec[1][15]_add_20_OUT9"
(ROM) removed.
             The signal
"harris_detector/sobel0/Madd_sum_x_step[0][15]_x_add_vec[1][15]_add_20_OUT_lut<0
>11" is loadless and has been removed.
              Loadless block
"harris_detector/sobel0/Madd_sum_x_step[0][15]_x_add_vec[1][15]_add_20_OUT_lut<0
>11" (ROM) removed.
           The signal
"harris_detector/sobel0/Madd_sum_x_step[0][15]_x_add_vec[1][15]_add_20_OUT10" is
loadless and has been removed.
            Loadless block
"harris_detector/sobel0/Madd_sum_x_step[0][15]_x_add_vec[1][15]_add_20_OUT10"
(ROM) removed.
           The signal
"harris_detector/sobel0/Madd_sum_x_step[0][15]_x_add_vec[1][15]_add_20_OUT_lut<0
>12" is loadless and has been removed.
            Loadless block
"harris_detector/sobel0/Madd_sum_x_step[0][15]_x_add_vec[1][15]_add_20_OUT_lut<0
>12" (ROM) removed.
         The signal
"harris_detector/sobel0/Madd_sum_x_step[0][15]_x_add_vec[1][15]_add_20_OUT11" is
loadless and has been removed.
          Loadless block
"harris_detector/sobel0/Madd_sum_x_step[0][15]_x_add_vec[1][15]_add_20_OUT11"
(ROM) removed.
         The signal
"harris_detector/sobel0/Madd_sum_x_step[0][15]_x_add_vec[1][15]_add_20_OUT_lut<0
>13" is loadless and has been removed.
          Loadless block
"harris_detector/sobel0/Madd_sum_x_step[0][15]_x_add_vec[1][15]_add_20_OUT_lut<0
>13" (ROM) removed.
       The signal
"harris_detector/sobel0/Madd_sum_x_step[0][15]_x_add_vec[1][15]_add_20_OUT12" is
loadless and has been removed.
        Loadless block
"harris_detector/sobel0/Madd_sum_x_step[0][15]_x_add_vec[1][15]_add_20_OUT12"
(ROM) removed.
       The signal
"harris_detector/sobel0/Madd_sum_x_step[0][15]_x_add_vec[1][15]_add_20_OUT_lut<0
>14" is loadless and has been removed.
        Loadless block
"harris_detector/sobel0/Madd_sum_x_step[0][15]_x_add_vec[1][15]_add_20_OUT_lut<0
>14" (ROM) removed.
     The signal
"harris_detector/sobel0/Madd_sum_x_step[0][15]_x_add_vec[1][15]_add_20_OUT_lut<0
>15" is loadless and has been removed.
      Loadless block
"harris_detector/sobel0/Madd_sum_x_step[0][15]_x_add_vec[1][15]_add_20_OUT_lut<0
>15" (ROM) removed.
       The signal
"harris_detector/sobel0/Madd_sum_x_step[0][15]_x_add_vec[1][15]_add_20_OUT13" is
loadless and has been removed.
        Loadless block
"harris_detector/sobel0/Madd_sum_x_step[0][15]_x_add_vec[1][15]_add_20_OUT13"
(ROM) removed.
Loadless block
"harris_detector/sobel0/Madd_sum_x_step[1][15]_x_add_vec[2][15]_add_21_OUT_lut<0
>11" (ROM) removed.
 The signal "harris_detector/sobel0/sum_x_step_1<11>" is loadless and has been
removed.
  Loadless block "harris_detector/sobel0/sum_x_step_1_11" (FF) removed.
   The signal
"harris_detector/sobel0/sum_x_step[0][15]_x_add_vec[1][15]_add_20_OUT<11>" is
loadless and has been removed.
    Loadless block
"harris_detector/sobel0/Madd_sum_x_step[0][15]_x_add_vec[1][15]_add_20_OUT_xor<0
>_10" (XOR) removed.
 The signal
"harris_detector/sobel0/Madd_sum_x_step[1][15]_x_add_vec[2][15]_add_21_OUT10" is
loadless and has been removed.
  Loadless block
"harris_detector/sobel0/Madd_sum_x_step[1][15]_x_add_vec[2][15]_add_21_OUT10"
(ROM) removed.
Loadless block
"harris_detector/sobel0/Madd_sum_x_step[1][15]_x_add_vec[2][15]_add_21_OUT_lut<0
>12" (ROM) removed.
 The signal "harris_detector/sobel0/sum_x_step_1<12>" is loadless and has been
removed.
  Loadless block "harris_detector/sobel0/sum_x_step_1_12" (FF) removed.
   The signal
"harris_detector/sobel0/sum_x_step[0][15]_x_add_vec[1][15]_add_20_OUT<12>" is
loadless and has been removed.
    Loadless block
"harris_detector/sobel0/Madd_sum_x_step[0][15]_x_add_vec[1][15]_add_20_OUT_xor<0
>_11" (XOR) removed.
 The signal
"harris_detector/sobel0/Madd_sum_x_step[1][15]_x_add_vec[2][15]_add_21_OUT11" is
loadless and has been removed.
  Loadless block
"harris_detector/sobel0/Madd_sum_x_step[1][15]_x_add_vec[2][15]_add_21_OUT11"
(ROM) removed.
Loadless block
"harris_detector/sobel0/Madd_sum_x_step[1][15]_x_add_vec[2][15]_add_21_OUT_lut<0
>13" (ROM) removed.
 The signal "harris_detector/sobel0/sum_x_step_1<13>" is loadless and has been
removed.
  Loadless block "harris_detector/sobel0/sum_x_step_1_13" (FF) removed.
   The signal
"harris_detector/sobel0/sum_x_step[0][15]_x_add_vec[1][15]_add_20_OUT<13>" is
loadless and has been removed.
    Loadless block
"harris_detector/sobel0/Madd_sum_x_step[0][15]_x_add_vec[1][15]_add_20_OUT_xor<0
>_12" (XOR) removed.
 The signal
"harris_detector/sobel0/Madd_sum_x_step[1][15]_x_add_vec[2][15]_add_21_OUT12" is
loadless and has been removed.
  Loadless block
"harris_detector/sobel0/Madd_sum_x_step[1][15]_x_add_vec[2][15]_add_21_OUT12"
(ROM) removed.
Loadless block
"harris_detector/sobel0/Madd_sum_x_step[1][15]_x_add_vec[2][15]_add_21_OUT_lut<0
>14" (ROM) removed.
 The signal "harris_detector/sobel0/sum_x_step_1<14>" is loadless and has been
removed.
  Loadless block "harris_detector/sobel0/sum_x_step_1_14" (FF) removed.
   The signal
"harris_detector/sobel0/sum_x_step[0][15]_x_add_vec[1][15]_add_20_OUT<14>" is
loadless and has been removed.
    Loadless block
"harris_detector/sobel0/Madd_sum_x_step[0][15]_x_add_vec[1][15]_add_20_OUT_xor<0
>_13" (XOR) removed.
 The signal
"harris_detector/sobel0/Madd_sum_x_step[1][15]_x_add_vec[2][15]_add_21_OUT13" is
loadless and has been removed.
  Loadless block
"harris_detector/sobel0/Madd_sum_x_step[1][15]_x_add_vec[2][15]_add_21_OUT13"
(ROM) removed.
Loadless block
"harris_detector/sobel0/Madd_sum_x_step[1][15]_x_add_vec[2][15]_add_21_OUT_lut<0
>15" (ROM) removed.
 The signal
"harris_detector/sobel0/Madd_sum_x_step[1][15]_x_add_vec[2][15]_add_21_OUT14" is
loadless and has been removed.
  Loadless block
"harris_detector/sobel0/Madd_sum_x_step[1][15]_x_add_vec[2][15]_add_21_OUT14"
(ROM) removed.
Loadless block
"harris_detector/sobel0/Madd_sum_y_step[0][15]_y_add_vec[1][15]_add_18_OUT14"
(ROM) removed.
Loadless block
"harris_detector/sobel0/Madd_sum_y_step[1][15]_y_add_vec[2][15]_add_19_OUT15"
(ROM) removed.
 The signal "harris_detector/sobel0/sum_y_step_1<15>" is loadless and has been
removed.
  Loadless block "harris_detector/sobel0/sum_y_step_1_15" (FF) removed.
   The signal
"harris_detector/sobel0/sum_y_step[0][15]_y_add_vec[1][15]_add_18_OUT<15>" is
loadless and has been removed.
    Loadless block
"harris_detector/sobel0/Madd_sum_y_step[0][15]_y_add_vec[1][15]_add_18_OUT_xor<0
>_14" (XOR) removed.
     The signal
"harris_detector/sobel0/Madd_sum_y_step[0][15]_y_add_vec[1][15]_add_18_OUT_cy<0>
14" is loadless and has been removed.
      Loadless block
"harris_detector/sobel0/Madd_sum_y_step[0][15]_y_add_vec[1][15]_add_18_OUT_cy<0>
_13" (MUX) removed.
       The signal
"harris_detector/sobel0/Madd_sum_y_step[0][15]_y_add_vec[1][15]_add_18_OUT_cy<0>
13" is loadless and has been removed.
        Loadless block
"harris_detector/sobel0/Madd_sum_y_step[0][15]_y_add_vec[1][15]_add_18_OUT_cy<0>
_12" (MUX) removed.
         The signal
"harris_detector/sobel0/Madd_sum_y_step[0][15]_y_add_vec[1][15]_add_18_OUT_cy<0>
12" is loadless and has been removed.
          Loadless block
"harris_detector/sobel0/Madd_sum_y_step[0][15]_y_add_vec[1][15]_add_18_OUT_cy<0>
_11" (MUX) removed.
           The signal
"harris_detector/sobel0/Madd_sum_y_step[0][15]_y_add_vec[1][15]_add_18_OUT_cy<0>
11" is loadless and has been removed.
            Loadless block
"harris_detector/sobel0/Madd_sum_y_step[0][15]_y_add_vec[1][15]_add_18_OUT_cy<0>
_10" (MUX) removed.
             The signal
"harris_detector/sobel0/Madd_sum_y_step[0][15]_y_add_vec[1][15]_add_18_OUT_cy<0>
10" is loadless and has been removed.
              Loadless block
"harris_detector/sobel0/Madd_sum_y_step[0][15]_y_add_vec[1][15]_add_18_OUT_cy<0>
_9" (MUX) removed.
             The signal
"harris_detector/sobel0/Madd_sum_y_step[0][15]_y_add_vec[1][15]_add_18_OUT9" is
loadless and has been removed.
              Loadless block
"harris_detector/sobel0/Madd_sum_y_step[0][15]_y_add_vec[1][15]_add_18_OUT9"
(ROM) removed.
             The signal
"harris_detector/sobel0/Madd_sum_y_step[0][15]_y_add_vec[1][15]_add_18_OUT_lut<0
>11" is loadless and has been removed.
              Loadless block
"harris_detector/sobel0/Madd_sum_y_step[0][15]_y_add_vec[1][15]_add_18_OUT_lut<0
>11" (ROM) removed.
           The signal
"harris_detector/sobel0/Madd_sum_y_step[0][15]_y_add_vec[1][15]_add_18_OUT10" is
loadless and has been removed.
            Loadless block
"harris_detector/sobel0/Madd_sum_y_step[0][15]_y_add_vec[1][15]_add_18_OUT10"
(ROM) removed.
           The signal
"harris_detector/sobel0/Madd_sum_y_step[0][15]_y_add_vec[1][15]_add_18_OUT_lut<0
>12" is loadless and has been removed.
            Loadless block
"harris_detector/sobel0/Madd_sum_y_step[0][15]_y_add_vec[1][15]_add_18_OUT_lut<0
>12" (ROM) removed.
         The signal
"harris_detector/sobel0/Madd_sum_y_step[0][15]_y_add_vec[1][15]_add_18_OUT11" is
loadless and has been removed.
          Loadless block
"harris_detector/sobel0/Madd_sum_y_step[0][15]_y_add_vec[1][15]_add_18_OUT11"
(ROM) removed.
         The signal
"harris_detector/sobel0/Madd_sum_y_step[0][15]_y_add_vec[1][15]_add_18_OUT_lut<0
>13" is loadless and has been removed.
          Loadless block
"harris_detector/sobel0/Madd_sum_y_step[0][15]_y_add_vec[1][15]_add_18_OUT_lut<0
>13" (ROM) removed.
       The signal
"harris_detector/sobel0/Madd_sum_y_step[0][15]_y_add_vec[1][15]_add_18_OUT12" is
loadless and has been removed.
        Loadless block
"harris_detector/sobel0/Madd_sum_y_step[0][15]_y_add_vec[1][15]_add_18_OUT12"
(ROM) removed.
       The signal
"harris_detector/sobel0/Madd_sum_y_step[0][15]_y_add_vec[1][15]_add_18_OUT_lut<0
>14" is loadless and has been removed.
        Loadless block
"harris_detector/sobel0/Madd_sum_y_step[0][15]_y_add_vec[1][15]_add_18_OUT_lut<0
>14" (ROM) removed.
     The signal
"harris_detector/sobel0/Madd_sum_y_step[0][15]_y_add_vec[1][15]_add_18_OUT_lut<0
>15" is loadless and has been removed.
      Loadless block
"harris_detector/sobel0/Madd_sum_y_step[0][15]_y_add_vec[1][15]_add_18_OUT_lut<0
>15" (ROM) removed.
       The signal
"harris_detector/sobel0/Madd_sum_y_step[0][15]_y_add_vec[1][15]_add_18_OUT13" is
loadless and has been removed.
        Loadless block
"harris_detector/sobel0/Madd_sum_y_step[0][15]_y_add_vec[1][15]_add_18_OUT13"
(ROM) removed.
Loadless block
"harris_detector/sobel0/Madd_sum_y_step[1][15]_y_add_vec[2][15]_add_19_OUT_lut<0
>11" (ROM) removed.
 The signal "harris_detector/sobel0/sum_y_step_1<11>" is loadless and has been
removed.
  Loadless block "harris_detector/sobel0/sum_y_step_1_11" (FF) removed.
   The signal
"harris_detector/sobel0/sum_y_step[0][15]_y_add_vec[1][15]_add_18_OUT<11>" is
loadless and has been removed.
    Loadless block
"harris_detector/sobel0/Madd_sum_y_step[0][15]_y_add_vec[1][15]_add_18_OUT_xor<0
>_10" (XOR) removed.
 The signal
"harris_detector/sobel0/Madd_sum_y_step[1][15]_y_add_vec[2][15]_add_19_OUT10" is
loadless and has been removed.
  Loadless block
"harris_detector/sobel0/Madd_sum_y_step[1][15]_y_add_vec[2][15]_add_19_OUT10"
(ROM) removed.
Loadless block
"harris_detector/sobel0/Madd_sum_y_step[1][15]_y_add_vec[2][15]_add_19_OUT_lut<0
>12" (ROM) removed.
 The signal "harris_detector/sobel0/sum_y_step_1<12>" is loadless and has been
removed.
  Loadless block "harris_detector/sobel0/sum_y_step_1_12" (FF) removed.
   The signal
"harris_detector/sobel0/sum_y_step[0][15]_y_add_vec[1][15]_add_18_OUT<12>" is
loadless and has been removed.
    Loadless block
"harris_detector/sobel0/Madd_sum_y_step[0][15]_y_add_vec[1][15]_add_18_OUT_xor<0
>_11" (XOR) removed.
 The signal
"harris_detector/sobel0/Madd_sum_y_step[1][15]_y_add_vec[2][15]_add_19_OUT11" is
loadless and has been removed.
  Loadless block
"harris_detector/sobel0/Madd_sum_y_step[1][15]_y_add_vec[2][15]_add_19_OUT11"
(ROM) removed.
Loadless block
"harris_detector/sobel0/Madd_sum_y_step[1][15]_y_add_vec[2][15]_add_19_OUT_lut<0
>13" (ROM) removed.
 The signal "harris_detector/sobel0/sum_y_step_1<13>" is loadless and has been
removed.
  Loadless block "harris_detector/sobel0/sum_y_step_1_13" (FF) removed.
   The signal
"harris_detector/sobel0/sum_y_step[0][15]_y_add_vec[1][15]_add_18_OUT<13>" is
loadless and has been removed.
    Loadless block
"harris_detector/sobel0/Madd_sum_y_step[0][15]_y_add_vec[1][15]_add_18_OUT_xor<0
>_12" (XOR) removed.
 The signal
"harris_detector/sobel0/Madd_sum_y_step[1][15]_y_add_vec[2][15]_add_19_OUT12" is
loadless and has been removed.
  Loadless block
"harris_detector/sobel0/Madd_sum_y_step[1][15]_y_add_vec[2][15]_add_19_OUT12"
(ROM) removed.
Loadless block
"harris_detector/sobel0/Madd_sum_y_step[1][15]_y_add_vec[2][15]_add_19_OUT_lut<0
>14" (ROM) removed.
 The signal "harris_detector/sobel0/sum_y_step_1<14>" is loadless and has been
removed.
  Loadless block "harris_detector/sobel0/sum_y_step_1_14" (FF) removed.
   The signal
"harris_detector/sobel0/sum_y_step[0][15]_y_add_vec[1][15]_add_18_OUT<14>" is
loadless and has been removed.
    Loadless block
"harris_detector/sobel0/Madd_sum_y_step[0][15]_y_add_vec[1][15]_add_18_OUT_xor<0
>_13" (XOR) removed.
 The signal
"harris_detector/sobel0/Madd_sum_y_step[1][15]_y_add_vec[2][15]_add_19_OUT13" is
loadless and has been removed.
  Loadless block
"harris_detector/sobel0/Madd_sum_y_step[1][15]_y_add_vec[2][15]_add_19_OUT13"
(ROM) removed.
Loadless block
"harris_detector/sobel0/Madd_sum_y_step[1][15]_y_add_vec[2][15]_add_19_OUT_lut<0
>15" (ROM) removed.
 The signal
"harris_detector/sobel0/Madd_sum_y_step[1][15]_y_add_vec[2][15]_add_19_OUT14" is
loadless and has been removed.
  Loadless block
"harris_detector/sobel0/Madd_sum_y_step[1][15]_y_add_vec[2][15]_add_19_OUT14"
(ROM) removed.
Loadless block "sobel0/Madd_sobel_response_Madd10" (ROM) removed.
Loadless block "sobel0/Madd_sum_x_step[0][15]_x_add_vec[1][15]_add_20_OUT14"
(ROM) removed.
Loadless block "sobel0/Madd_sum_x_step[1][15]_x_add_vec[2][15]_add_21_OUT15"
(ROM) removed.
Loadless block "sobel0/Madd_sum_y_step[0][15]_y_add_vec[1][15]_add_18_OUT14"
(ROM) removed.
Loadless block
"sobel0/Madd_sum_y_step[0][15]_y_add_vec[1][15]_add_18_OUT_lut<0>14" (ROM)
removed.
 The signal "sobel0/Madd_sum_y_step[0][15]_y_add_vec[1][15]_add_18_OUT12" is
loadless and has been removed.
  Loadless block "sobel0/Madd_sum_y_step[0][15]_y_add_vec[1][15]_add_18_OUT12"
(ROM) removed.
Loadless block
"sobel0/Madd_sum_y_step[0][15]_y_add_vec[1][15]_add_18_OUT_lut<0>15" (ROM)
removed.
 The signal "sobel0/Madd_sum_y_step[0][15]_y_add_vec[1][15]_add_18_OUT13" is
loadless and has been removed.
  Loadless block "sobel0/Madd_sum_y_step[0][15]_y_add_vec[1][15]_add_18_OUT13"
(ROM) removed.
Loadless block "sobel0/Madd_sum_y_step[1][15]_y_add_vec[2][15]_add_19_OUT15"
(ROM) removed.
Loadless block "sys_clocks_gen/clkout1_buf" (CKBUF) removed.
 The signal "sys_clocks_gen/clkout0" is loadless and has been removed.

Optimized Block(s):
TYPE 		BLOCK
LUT3 		ADDERTREE_INTERNAL_Madd119
   optimized to 0
LUT3 		ADDERTREE_INTERNAL_Madd210
   optimized to 0
LUT3 		ADDERTREE_INTERNAL_Madd29
   optimized to 0
LUT3 		ADDERTREE_INTERNAL_Madd510
   optimized to 0
LUT3 		ADDERTREE_INTERNAL_Madd59
   optimized to 0
LUT3 		ADDERTREE_INTERNAL_Madd89
   optimized to 0
GND 		XST_GND
VCC 		XST_VCC
LUT3 		gauss3x3_0/Madd_add_vec<0>10
   optimized to 0
LUT3 		gauss3x3_0/Madd_add_vec<0>8
   optimized to 0
LUT3 		gauss3x3_0/Madd_add_vec<0>9
   optimized to 0
LUT4 		gauss3x3_0/Madd_add_vec<0>_lut<0>10
   optimized to 0
LUT4 		gauss3x3_0/Madd_add_vec<0>_lut<0>11
   optimized to 0
LUT4 		gauss3x3_0/Madd_add_vec<0>_lut<0>9
   optimized to 0
LUT3 		harris_detector/gauss3x3_0/Madd_add_vec<0>10
   optimized to 0
LUT3 		harris_detector/gauss3x3_0/Madd_add_vec<0>8
   optimized to 0
LUT3 		harris_detector/gauss3x3_0/Madd_add_vec<0>9
   optimized to 0
LUT4 		harris_detector/gauss3x3_0/Madd_add_vec<0>_lut<0>10
   optimized to 0
LUT4 		harris_detector/gauss3x3_0/Madd_add_vec<0>_lut<0>11
   optimized to 0
LUT4 		harris_detector/gauss3x3_0/Madd_add_vec<0>_lut<0>9
   optimized to 0
LUT4
		harris_detector/sobel0/Madd_sum_x_step[0][15]_x_add_vec[1][15]_add_20_OUT_lut<
0>10
   optimized to 1
LUT4
		harris_detector/sobel0/Madd_sum_y_step[0][15]_y_add_vec[1][15]_add_18_OUT_lut<
0>10
   optimized to 1
LUT4 		sobel0/Madd_sum_x_step[0][15]_x_add_vec[1][15]_add_20_OUT_lut<0>10
   optimized to 1
LUT4 		sobel0/Madd_sum_x_step[0][15]_x_add_vec[1][15]_add_20_OUT_lut<0>11
   optimized to 1
LUT4 		sobel0/Madd_sum_x_step[0][15]_x_add_vec[1][15]_add_20_OUT_lut<0>12
   optimized to 1
LUT4 		sobel0/Madd_sum_x_step[0][15]_x_add_vec[1][15]_add_20_OUT_lut<0>13
   optimized to 1
LUT4 		sobel0/Madd_sum_x_step[0][15]_x_add_vec[1][15]_add_20_OUT_lut<0>14
   optimized to 1
LUT4 		sobel0/Madd_sum_x_step[0][15]_x_add_vec[1][15]_add_20_OUT_lut<0>15
   optimized to 1
LUT4 		sobel0/Madd_sum_x_step[1][15]_x_add_vec[2][15]_add_21_OUT_lut<0>14
   optimized to 1
LUT4 		sobel0/Madd_sum_y_step[0][15]_y_add_vec[1][15]_add_18_OUT_lut<0>10
   optimized to 1
LUT4 		sobel0/Madd_sum_y_step[0][15]_y_add_vec[1][15]_add_18_OUT_lut<0>11
   optimized to 1
LUT4 		sobel0/Madd_sum_y_step[0][15]_y_add_vec[1][15]_add_18_OUT_lut<0>12
   optimized to 1
LUT4 		sobel0/Madd_sum_y_step[0][15]_y_add_vec[1][15]_add_18_OUT_lut<0>13
   optimized to 1
LUT4 		sobel0/Madd_sum_y_step[1][15]_y_add_vec[2][15]_add_19_OUT_lut<0>14
   optimized to 1
LUT4 		sobel0/Madd_sum_y_step[1][15]_y_add_vec[2][15]_add_19_OUT_lut<0>15
   optimized to 1

To enable printing of redundant blocks removed and signals merged, set the
detailed map report option and rerun map.

Section 11 - Timing Report
--------------------------
INFO:Timing:3284 - This timing report was generated using estimated delay 
   information.  For accurate numbers, please refer to the post Place and Route 
   timing report.
Number of Timing Constraints that were not applied: 1

Asterisk (*) preceding a constraint indicates it was not met.
   This may be due to a setup or hold violation.

----------------------------------------------------------------------------------------------------------
  Constraint                                |    Check    | Worst Case |  Best Case | Timing |   Timing   
                                            |             |    Slack   | Achievable | Errors |    Score   
----------------------------------------------------------------------------------------------------------
* TS_sys_clocks_gen_clkout1 = PERIOD TIMEGR | SETUP       |    -0.016ns|    42.066ns|       8|         128
  P "sys_clocks_gen_clkout1" TS_PER_CLK50 / | HOLD        |     0.134ns|            |       0|           0
   0.48 HIGH 50%                            |             |            |            |        |            
----------------------------------------------------------------------------------------------------------
  TS_sys_clocks_gen_clkout2 = PERIOD TIMEGR | SETUP       |     5.258ns|     4.742ns|       0|           0
  P "sys_clocks_gen_clkout2" TS_PER_CLK50 / | HOLD        |     0.087ns|            |       0|           0
   2 HIGH 50%                               |             |            |            |        |            
----------------------------------------------------------------------------------------------------------
  TS_PER_CLK50 = PERIOD TIMEGRP "clk50_grp" | MINLOWPULSE |    15.000ns|     5.000ns|       0|           0
   20 ns HIGH 50%                           |             |            |            |        |            
----------------------------------------------------------------------------------------------------------
  TS_PER_CLK32 = PERIOD TIMEGRP "clk32_grp" | SETUP       |    18.219ns|     1.781ns|       0|           0
   20 ns HIGH 50%                           | HOLD        |     0.257ns|            |       0|           0
                                            | MINPERIOD   |    17.334ns|     2.666ns|       0|           0
----------------------------------------------------------------------------------------------------------


Derived Constraint Report
Review Timing Report for more details on the following derived constraints.
To create a Timing Report, run "trce -v 12 -fastpaths -o design_timing_report design.ncd design.pcf"
or "Run Timing Analysis" from Timing Analyzer (timingan).
Derived Constraints for TS_PER_CLK50
+-------------------------------+-------------+-------------+-------------+-------------+-------------+-------------+-------------+
|                               |   Period    |       Actual Period       |      Timing Errors        |      Paths Analyzed       |
|           Constraint          | Requirement |-------------+-------------|-------------+-------------|-------------+-------------|
|                               |             |   Direct    | Derivative  |   Direct    | Derivative  |   Direct    | Derivative  |
+-------------------------------+-------------+-------------+-------------+-------------+-------------+-------------+-------------+
|TS_PER_CLK50                   |     20.000ns|      5.000ns|     20.192ns|            0|            8|            0|       146508|
| TS_sys_clocks_gen_clkout1     |     41.667ns|     42.066ns|          N/A|            8|            0|         4205|            0|
| TS_sys_clocks_gen_clkout2     |     10.000ns|      4.742ns|          N/A|            0|            0|       142303|            0|
+-------------------------------+-------------+-------------+-------------+-------------+-------------+-------------+-------------+

1 constraint not met.



Section 6 - IOB Properties
--------------------------

+---------------------------------------------------------------------------------------------------------------------------------------------------------+
| IOB Name                           | Type             | Direction | IO Standard          | Diff  | Drive    | Slew | Reg (s)      | Resistor | IOB      |
|                                    |                  |           |                      | Term  | Strength | Rate |              |          | Delay    |
+---------------------------------------------------------------------------------------------------------------------------------------------------------+
| CS_FLASH                           | IOB              | OUTPUT    | LVCMOS25             |       | 12       | SLOW |              |          |          |
| LED<0>                             | IOB              | OUTPUT    | LVTTL                |       | 12       | SLOW |              |          |          |
| LED<1>                             | IOB              | OUTPUT    | LVTTL                |       | 12       | SLOW |              |          |          |
| OSC_FPGA                           | IOB              | INPUT     | LVTTL                |       |          |      |              |          |          |
| PB<0>                              | IOB              | INPUT     | LVTTL                |       |          |      |              |          |          |
| PB<1>                              | IOB              | INPUT     | LVTTL                |       |          |      |              |          |          |
| PMOD3<0>                           | IOB              | INPUT     | LVTTL                |       |          |      |              |          |          |
| PMOD3<1>                           | IOB              | INPUT     | LVTTL                |       |          |      |              |          |          |
| PMOD3<2>                           | IOB              | INPUT     | LVTTL                |       |          |      |              |          |          |
| PMOD3<3>                           | IOB              | INPUT     | LVTTL                |       |          |      |              |          |          |
| PMOD3<4>                           | IOB              | INPUT     | LVTTL                |       |          |      |              |          |          |
| PMOD3<5>                           | IOB              | INPUT     | LVTTL                |       |          |      |              |          |          |
| PMOD3<6>                           | IOB              | INPUT     | LVTTL                |       |          |      |              |          |          |
| PMOD3<7>                           | IOB              | INPUT     | LVTTL                |       |          |      |              |          |          |
| PMOD4_1                            | IOB              | OUTPUT    | LVTTL                |       | 12       | SLOW |              |          |          |
| PMOD4_2                            | IOB              | INPUT     | LVTTL                |       |          |      |              |          |          |
| PMOD4_3                            | IOB              | BIDIR     | LVTTL                |       | 12       | SLOW |              |          |          |
| PMOD4_4                            | IOB              | OUTPUT    | LVTTL                |       | 12       | SLOW |              |          |          |
| PMOD4_7                            | IOB              | INPUT     | LVTTL                |       |          |      |              |          |          |
| PMOD4_8                            | IOB              | INPUT     | LVTTL                |       |          |      |              |          |          |
| PMOD4_9                            | IOB              | BIDIR     | LVTTL                |       | 12       | SLOW |              |          |          |
| PMOD4_10                           | IOB              | INPUT     | LVTTL                |       |          |      |              |          |          |
| RP_SPI_CE0N                        | IOB              | INPUT     | LVTTL                |       |          |      |              |          |          |
| SYS_SCL                            | IOB              | INPUT     | LVTTL                |       |          |      |              |          |          |
| SYS_SDA                            | IOB              | INPUT     | LVTTL                |       |          |      |              |          |          |
| SYS_SPI_MISO                       | IOB              | OUTPUT    | LVTTL                |       | 12       | SLOW |              |          |          |
| SYS_SPI_MOSI                       | IOB              | INPUT     | LVTTL                |       |          |      |              |          |          |
| SYS_SPI_SCK                        | IOB              | INPUT     | LVTTL                |       |          |      |              |          |          |
+---------------------------------------------------------------------------------------------------------------------------------------------------------+

Section 7 - RPMs
----------------

Section 8 - Guide Report
------------------------
Guide not run on this design.

Section 9 - Area Group and Partition Summary
--------------------------------------------

Partition Implementation Status
-------------------------------

  No Partitions were found in this design.

-------------------------------

Area Group Information
----------------------

  No area groups were found in this design.

----------------------

Section 10 - Timing Report
--------------------------
A logic-level (pre-route) timing report can be generated by using Xilinx static
timing analysis tools, Timing Analyzer (GUI) or TRCE (command line), with the
mapped NCD and PCF files. Please note that this timing report will be generated
using estimated delay information. For accurate numbers, please generate a
timing report with the post Place and Route NCD file.

For more information about the Timing Analyzer, consult the Xilinx Timing
Analyzer Reference Manual; for more information about TRCE, consult the Xilinx
Command Line Tools User Guide "TRACE" chapter.

Section 11 - Configuration String Details
-----------------------------------------
Use the "-detail" map option to print out Configuration Strings

Section 12 - Control Set Information
------------------------------------
Use the "-detail" map option to print out Control Set Information.

Section 13 - Utilization by Hierarchy
-------------------------------------
Use the "-detail" map option to print out the Utilization by Hierarchy section.
